<?xml version="1.0" encoding="UTF-8"?>
<testng-results skipped="0" failed="0" ignored="0" total="2" passed="2">
  <reporter-output>
  </reporter-output>
  <suite name="Default suite" duration-ms="92" started-at="2022-05-13T13:16:27 IST" finished-at="2022-05-13T13:16:27 IST">
    <groups>
    </groups>
    <test name="Default test" duration-ms="92" started-at="2022-05-13T13:16:27 IST" finished-at="2022-05-13T13:16:27 IST">
      <class name="TestNG.Example_Annotation">
        <test-method status="PASS" signature="openBrowser()[pri:0, instance:TestNG.Example_Annotation@3d921e20]" name="openBrowser" is-config="true" duration-ms="0" started-at="2022-05-13T13:16:27 IST" finished-at="2022-05-13T13:16:27 IST">
          <reporter-output>
          </reporter-output>
        </test-method> <!-- openBrowser -->
        <test-method status="PASS" signature="enterAppURL()[pri:0, instance:TestNG.Example_Annotation@3d921e20]" name="enterAppURL" is-config="true" duration-ms="0" started-at="2022-05-13T13:16:27 IST" finished-at="2022-05-13T13:16:27 IST">
          <reporter-output>
          </reporter-output>
        </test-method> <!-- enterAppURL -->
        <test-method status="PASS" signature="creattask()[pri:0, instance:TestNG.Example_Annotation@3d921e20]" name="creattask" duration-ms="16" started-at="2022-05-13T13:16:27 IST" finished-at="2022-05-13T13:16:27 IST">
          <reporter-output>
          </reporter-output>
        </test-method> <!-- creattask -->
        <test-method status="PASS" signature="logout()[pri:0, instance:TestNG.Example_Annotation@3d921e20]" name="logout" is-config="true" duration-ms="0" started-at="2022-05-13T13:16:27 IST" finished-at="2022-05-13T13:16:27 IST">
          <reporter-output>
          </reporter-output>
        </test-method> <!-- logout -->
        <test-method status="PASS" signature="enterAppURL()[pri:0, instance:TestNG.Example_Annotation@3d921e20]" name="enterAppURL" is-config="true" duration-ms="15" started-at="2022-05-13T13:16:27 IST" finished-at="2022-05-13T13:16:27 IST">
          <reporter-output>
          </reporter-output>
        </test-method> <!-- enterAppURL -->
        <test-method status="PASS" signature="verifyLogin()[pri:0, instance:TestNG.Example_Annotation@3d921e20]" name="verifyLogin" duration-ms="0" started-at="2022-05-13T13:16:27 IST" finished-at="2022-05-13T13:16:27 IST">
          <reporter-output>
          </reporter-output>
        </test-method> <!-- verifyLogin -->
        <test-method status="PASS" signature="closeBrowser()[pri:0, instance:TestNG.Example_Annotation@3d921e20]" name="closeBrowser" is-config="true" duration-ms="0" started-at="2022-05-13T13:16:27 IST" finished-at="2022-05-13T13:16:27 IST">
          <reporter-output>
          </reporter-output>
        </test-method> <!-- closeBrowser -->
        <test-method status="PASS" signature="logout()[pri:0, instance:TestNG.Example_Annotation@3d921e20]" name="logout" is-config="true" duration-ms="0" started-at="2022-05-13T13:16:27 IST" finished-at="2022-05-13T13:16:27 IST">
          <reporter-output>
          </reporter-output>
        </test-method> <!-- logout -->
      </class> <!-- TestNG.Example_Annotation -->
    </test> <!-- Default test -->
  </suite> <!-- Default suite -->
</testng-results>
